Total
16911
Paginação
169
Pagina:
105
length:
52500
<Response [200]>
Inserts:
0
Updates:
0
Pagina:
106
length:
53000
<Response [200]>
Inserts:
0
Updates:
0
Pagina:
107
length:
53500
<Response [200]>
Inserts:
0
Updates:
0
Pagina:
108
length:
54000
<Response [200]>
Inserts:
0
Updates:
0
Pagina:
109
length:
54500
<Response [200]>
Inserts:
0
Updates:
0
Pagina:
110
length:
55000
<Response [200]>
Inserts:
0
Updates:
0
Pagina:
111
length:
55500
<Response [200]>
Inserts:
0
Updates:
0
Pagina:
112
length:
56000
<Response [200]>
Inserts:
0
Updates:
0
Pagina:
113
length:
56500
<Response [200]>
Inserts:
0
Updates:
0
Pagina:
114
length:
57000
<Response [200]>
Inserts:
0
Updates:
0
Pagina:
115
length:
57500
<Response [200]>
Inserts:
0
Updates:
0
Pagina:
116
length:
58000
<Response [200]>
Inserts:
0
Updates:
0
Pagina:
117
length:
58500
<Response [200]>
Inserts:
0
Updates:
0
Pagina:
118
length:
59000
<Response [200]>
Inserts:
0
Updates:
0
Pagina:
119
length:
59500
<Response [200]>
Inserts:
0
Updates:
0
Pagina:
120
length:
60000
<Response [200]>
Inserts:
0
Updates:
0
Pagina:
121
length:
60500
<Response [200]>
Inserts:
0
Updates:
0
Pagina:
122
length:
61000
<Response [200]>
Inserts:
0
Updates:
0
Pagina:
123
length:
61500
<Response [200]>
Inserts:
0
Updates:
0
Pagina:
124
length:
62000
<Response [200]>
Inserts:
0
Updates:
0
Pagina:
125
length:
62500
<Response [200]>
Inserts:
0
Updates:
0
Pagina:
126
length:
63000
<Response [200]>
Inserts:
0
Updates:
0
Pagina:
127
length:
63500
<Response [200]>
Inserts:
0
Updates:
0
Pagina:
128
length:
64000
<Response [200]>
Inserts:
0
Updates:
0
Pagina:
129
length:
64500
<Response [200]>
Inserts:
0
Updates:
0
Pagina:
130
length:
65000
<Response [200]>
Inserts:
0
Updates:
0
Pagina:
131
length:
65500
<Response [200]>
Inserts:
0
Updates:
0
Pagina:
132
length:
66000
<Response [200]>
Inserts:
0
Updates:
0
Pagina:
133
length:
66500
<Response [200]>
Inserts:
0
Updates:
0
Pagina:
134
length:
67000
<Response [200]>
Inserts:
0
Updates:
0
Pagina:
135
length:
67500
<Response [200]>
Inserts:
0
Updates:
0
Pagina:
136
length:
68000
<Response [200]>
Inserts:
0
Updates:
0
Pagina:
137
length:
68500
<Response [200]>
Inserts:
0
Updates:
0
Pagina:
138
length:
69000
<Response [200]>
Inserts:
0
Updates:
0
Pagina:
139
length:
69500
<Response [200]>
Inserts:
0
Updates:
0
Pagina:
140
length:
70000
<Response [200]>
Inserts:
0
Updates:
0
Pagina:
141
length:
70500
<Response [200]>
Inserts:
0
Updates:
0
Pagina:
142
length:
71000
<Response [200]>
Inserts:
0
Updates:
0
Pagina:
143
length:
71500
<Response [200]>
Inserts:
0
Updates:
0
Pagina:
144
length:
72000
<Response [200]>
Inserts:
0
Updates:
0
Pagina:
145
length:
72500
<Response [200]>
Inserts:
0
Updates:
0
Pagina:
146
length:
73000
<Response [200]>
Inserts:
0
Updates:
0
Pagina:
147
length:
73500
<Response [200]>
Inserts:
0
Updates:
0
Pagina:
148
length:
74000
<Response [200]>
Inserts:
0
Updates:
0
Pagina:
149
length:
74500
<Response [200]>
Inserts:
0
Updates:
0
Pagina:
150
length:
75000
<Response [200]>
Inserts:
0
Updates:
0
Pagina:
151
length:
75500
<Response [200]>
Inserts:
0
Updates:
0
Pagina:
152
length:
76000
<Response [200]>
Inserts:
0
Updates:
0
Pagina:
153
length:
76500
<Response [200]>
Inserts:
0
Updates:
0
Pagina:
154
length:
77000
<Response [200]>
Inserts:
0
Updates:
0
Pagina:
155
length:
77500
<Response [200]>
Inserts:
0
Updates:
0
Pagina:
156
length:
78000
<Response [200]>
Inserts:
0
Updates:
0
Pagina:
157
length:
78500
<Response [200]>
Inserts:
0
Updates:
0
Pagina:
158
length:
79000
<Response [200]>
Inserts:
0
Updates:
0
Pagina:
159
length:
79500
<Response [200]>
Inserts:
0
Updates:
0
Pagina:
160
length:
80000
<Response [200]>
Inserts:
0
Updates:
0
Pagina:
161
length:
80500
<Response [200]>
Inserts:
0
Updates:
0
Pagina:
162
length:
81000
<Response [200]>
Inserts:
0
Updates:
0
Pagina:
163
length:
81500
<Response [200]>
Inserts:
0
Updates:
0
Pagina:
164
length:
82000
<Response [200]>
Inserts:
0
Updates:
0
Pagina:
165
length:
82500
<Response [200]>
Inserts:
0
Updates:
0
Pagina:
166
length:
83000
<Response [200]>
Inserts:
0
Updates:
0
Pagina:
167
length:
83500
<Response [200]>
Inserts:
0
Updates:
0
Pagina:
168
length:
84000
<Response [200]>
Inserts:
0
Updates:
0
Pagina:
169
length:
84500
<Response [200]>
Inserts:
0
Updates:
0
Pagina:
170
length:
85000
<Response [200]>
Inserts:
0
Updates:
0
